<?xml version="1.0" encoding="UTF-8"?>
<!-- Generated by org.testng.reporters.JUnitReportReporter -->
<testsuite hostname="Husain" failures="0" tests="6" name="mySql.Get_Student_table" time="0.028" errors="0" timestamp="2023-12-29T01:59:43 EST" skipped="0">
  <testcase classname="mySql.Get_Student_table" name="Test_getStudent_data" time="0.005"/>
  <testcase classname="mySql.Get_Student_table" name="Test_getColumnFromStudent" time="0.006"/>
  <testcase classname="mySql.Get_Student_table" name="Test_getCityFromStudent" time="0.004"/>
  <testcase classname="mySql.Get_Student_table" name="Test_maxSalaryFromStudent" time="0.004"/>
  <testcase classname="mySql.Get_Student_table" name="Test_countFullName" time="0.004"/>
  <testcase classname="mySql.Get_Student_table" name="Test_GetnameBySno" time="0.005"/>
</testsuite> <!-- mySql.Get_Student_table -->
