<?xml version="1.0" encoding="UTF-8"?>
<!-- Generated by org.testng.reporters.JUnitReportReporter -->
<testsuite hostname="Husain" failures="0" tests="1" name="mySql.Get_customer_Test" time="0.017" errors="0" timestamp="2023-12-29T01:59:43 EST" skipped="0">
  <testcase classname="mySql.Get_customer_Test" name="Test_SP_Getcustomer" time="0.017"/>
</testsuite> <!-- mySql.Get_customer_Test -->
