<?xml version="1.0" encoding="UTF-8"?>
<!-- Generated by org.testng.reporters.JUnitReportReporter -->
<testsuite hostname="Husain" failures="0" tests="1" name="mySql.Customers_Table" time="0.005" errors="0" timestamp="2023-12-29T01:59:43 EST" skipped="0">
  <testcase classname="mySql.Customers_Table" name="Test_getData_Customer" time="0.005"/>
</testsuite> <!-- mySql.Customers_Table -->
