<?xml version="1.0" encoding="UTF-8"?>
<!-- Generated by org.testng.reporters.JUnitReportReporter -->
<testsuite hostname="Husain" failures="0" tests="1" name="mySql.Find_husain_Student" time="0.004" errors="0" timestamp="2023-12-29T01:59:43 EST" skipped="0">
  <testcase classname="mySql.Find_husain_Student" name="Test_FindName" time="0.004"/>
</testsuite> <!-- mySql.Find_husain_Student -->
