<?xml version="1.0" encoding="UTF-8"?>
<!-- Generated by org.testng.reporters.JUnitReportReporter -->
<testsuite hostname="Husain" failures="0" tests="1" name="mySql.Get_shipped_order_Test" time="0.011" errors="0" timestamp="2023-12-29T01:59:43 EST" skipped="0">
  <testcase classname="mySql.Get_shipped_order_Test" name="Test_SProcedure_Paramiter" time="0.011"/>
</testsuite> <!-- mySql.Get_shipped_order_Test -->
