<?xml version="1.0" encoding="UTF-8"?>
<!-- Generated by org.testng.reporters.JUnitReportReporter -->
<testsuite hostname="Husain" failures="0" tests="1" name="mySql.NameColumnt_Test" time="0.002" errors="0" timestamp="2023-12-29T02:04:02 EST" skipped="0">
  <testcase classname="mySql.NameColumnt_Test" name="Test_name_column" time="0.002"/>
</testsuite> <!-- mySql.NameColumnt_Test -->
