<?xml version="1.0" encoding="UTF-8"?>
<!-- Generated by org.testng.reporters.JUnitReportReporter -->
<testsuite hostname="Husain" failures="0" tests="1" name="mySql.Test_StoreProcedure_Customer" time="0.014" errors="0" timestamp="2023-12-29T02:04:02 EST" skipped="0">
  <testcase classname="mySql.Test_StoreProcedure_Customer" name="test_storeProcedure" time="0.014"/>
</testsuite> <!-- mySql.Test_StoreProcedure_Customer -->
