<?xml version="1.0" encoding="UTF-8"?>
<!-- Generated by org.testng.reporters.JUnitReportReporter -->
<testsuite hostname="Husain" failures="0" tests="1" name="mySql.Get_customer_Test" time="0.057" errors="0" timestamp="2023-12-29T02:04:02 EST" skipped="0">
  <testcase classname="mySql.Get_customer_Test" name="Test_SP_Getcustomer" time="0.057"/>
</testsuite> <!-- mySql.Get_customer_Test -->
